mode: set
github.com/sgash708/hbd-go/age.go:8.53,10.2 1 1
github.com/sgash708/hbd-go/age.go:13.48,17.2 2 1
github.com/sgash708/hbd-go/age.go:19.22,20.24 1 1
github.com/sgash708/hbd-go/age.go:23.2,23.19 1 1
github.com/sgash708/hbd-go/age.go:20.24,22.3 1 1
github.com/sgash708/hbd-go/age.go:26.41,28.13 2 1
github.com/sgash708/hbd-go/age.go:33.2,34.32 2 1
github.com/sgash708/hbd-go/age.go:38.2,38.12 1 1
github.com/sgash708/hbd-go/age.go:28.13,31.3 2 1
github.com/sgash708/hbd-go/age.go:34.32,36.3 1 1
github.com/sgash708/hbd-go/age.go:41.69,47.64 5 1
github.com/sgash708/hbd-go/age.go:50.2,50.65 1 1
github.com/sgash708/hbd-go/age.go:53.2,53.17 1 1
github.com/sgash708/hbd-go/age.go:47.64,49.3 1 1
github.com/sgash708/hbd-go/age.go:50.65,52.3 1 1
github.com/sgash708/hbd-go/age.go:56.28,57.19 1 1
github.com/sgash708/hbd-go/age.go:64.2,64.14 1 1
github.com/sgash708/hbd-go/age.go:57.19,59.3 1 1
github.com/sgash708/hbd-go/age.go:59.8,59.26 1 1
github.com/sgash708/hbd-go/age.go:59.26,61.3 1 1
github.com/sgash708/hbd-go/age.go:61.8,61.24 1 1
github.com/sgash708/hbd-go/age.go:61.24,63.3 1 1
